<?xml version="1.0" encoding="UTF-8"?>
<!-- Generated by org.testng.reporters.JUnitReportReporter -->
<testsuite hostname="Desktop-rjn" name="MultiThreading._3_ExampleWithPojo2" tests="3" failures="0" timestamp="28 Dec 2021 07:00:08 GMT" time="6.085" errors="0">
  <testcase name="test21" time="2.076" classname="MultiThreading._3_ExampleWithPojo2"/>
  <testcase name="test22" time="2.004" classname="MultiThreading._3_ExampleWithPojo2"/>
  <testcase name="test23" time="2.005" classname="MultiThreading._3_ExampleWithPojo2"/>
</testsuite> <!-- MultiThreading._3_ExampleWithPojo2 -->
